(26/05/2024) WARNING -> Unable to locate file for table (/Users/congnguyen/Deakin_S736/SIT771/07_03/code/Resources/images/tagle.png) [raised in images.cpp:102]
(26/05/2024) WARNING -> Attempting to get width of invalid bitmap [raised in images.cpp:453]
(26/05/2024) WARNING -> Attempting to get height of invalid bitmap [raised in images.cpp:469]
(26/05/2024) WARNING -> Error trying to draw bitmap: passed in bmp is an invalid bitmap pointer. [raised in images.cpp:230]
(26/05/2024) WARNING -> Unable to locate file for table (/Users/congnguyen/Deakin_S736/SIT771/07_03/code/Resources/images/tagle.png) [raised in images.cpp:102]
(26/05/2024) WARNING -> Attempting to get width of invalid bitmap [raised in images.cpp:453]
(26/05/2024) WARNING -> Attempting to get height of invalid bitmap [raised in images.cpp:469]
(26/05/2024) WARNING -> Error trying to draw bitmap: passed in bmp is an invalid bitmap pointer. [raised in images.cpp:230]
(26/05/2024) WARNING -> Unable to locate file for table (/Users/congnguyen/Deakin_S736/SIT771/07_03/code/Resources/images/tagle.png) [raised in images.cpp:102]
(26/05/2024) WARNING -> Attempting to get width of invalid bitmap [raised in images.cpp:453]
(26/05/2024) WARNING -> Attempting to get height of invalid bitmap [raised in images.cpp:469]
(26/05/2024) WARNING -> Error trying to draw bitmap: passed in bmp is an invalid bitmap pointer. [raised in images.cpp:230]
(26/05/2024) WARNING -> Unable to locate file for table (/Users/congnguyen/Deakin_S736/SIT771/07_03/code/Resources/images/tagle.png) [raised in images.cpp:102]
(26/05/2024) WARNING -> Attempting to get width of invalid bitmap [raised in images.cpp:453]
(26/05/2024) WARNING -> Attempting to get height of invalid bitmap [raised in images.cpp:469]
(26/05/2024) WARNING -> Error trying to draw bitmap: passed in bmp is an invalid bitmap pointer. [raised in images.cpp:230]
(26/05/2024) WARNING -> Unable to locate file for table (/Users/congnguyen/Deakin_S736/SIT771/07_03/code/Resources/images/tagle.png) [raised in images.cpp:102]
(26/05/2024) WARNING -> Attempting to get width of invalid bitmap [raised in images.cpp:453]
(26/05/2024) WARNING -> Attempting to get height of invalid bitmap [raised in images.cpp:469]
(26/05/2024) WARNING -> Error trying to draw bitmap: passed in bmp is an invalid bitmap pointer. [raised in images.cpp:230]
(26/05/2024) WARNING -> Unable to locate file for humanPlayer (/Users/congnguyen/Deakin_S736/SIT771/07_03/code/Resources/images/humanPlayer.png) [raised in images.cpp:102]
(26/05/2024) WARNING -> Unable to locate file for botPlayer (/Users/congnguyen/Deakin_S736/SIT771/07_03/code/Resources/images/botPlayer.png) [raised in images.cpp:102]
(26/05/2024) WARNING -> Attempting to get width of invalid bitmap [raised in images.cpp:453]
(26/05/2024) WARNING -> Error trying to draw bitmap: passed in bmp is an invalid bitmap pointer. [raised in images.cpp:230]
